2020-10-06 14:38:41,776 INFO  [log] 9814301ae0c2e3127e8df1007a8ae91eeb091992
2020-10-06 14:38:41,802 INFO  [log] bearer 9814301ae0c2e3127e8df1007a8ae91eeb091992
2020-10-06 14:38:41,896 INFO  [log] [HTTP/1.1 200 OK]
2020-10-06 14:38:42,497 INFO  [log] {data={image=, date_added=2019-11-11 07:59:33, firstname=John, user_group=Administrator, user_id=1, ip=223.176.41.81, user_group_id=1, email=probitstechnologies@gmail.com, username=upskills_admin, lastname=Doe, status=1}, success=1, error=[]}
2020-10-06 14:38:42,503 INFO  [log] [HTTP/1.1 200 OK]
2020-10-06 14:38:42,508 INFO  [log] upskills_admin
2020-10-06 14:38:43,172 INFO  [log] {data={image=, date_added=2019-11-11 07:59:33, firstname=John, user_group=Administrator, user_id=1, ip=223.176.41.81, user_group_id=1, email=probitstechnologies@gmail.com, username=upskills_admin, lastname=Doe, status=1}, success=1, error=[]}
2020-10-06 14:38:43,184 INFO  [log] [HTTP/1.1 200 OK]
2020-10-06 14:38:43,186 INFO  [log] upskills_admin
2020-10-06 14:38:43,861 INFO  [log] total number of rows has data =2
2020-10-06 14:38:43,863 INFO  [log] total number of columns has data =2
2020-10-06 14:38:43,943 INFO  [log] email @row 1 demouser81@gmail.com
2020-10-06 14:38:43,951 INFO  [log] rewards @row 1 100
2020-10-06 14:38:44,760 INFO  [log] 2191
2020-10-06 14:38:45,453 INFO  [log] {data={store_id=0, newsletter=1, firstname=Demo, addresses=[{address_format={company}
{firstname} {lastname}
{address_1}
{address_2}
{postcode} {city}
{country}, country=Germany, custom_field={3=https://rest-api.upskills.in}, firstname=Demo, city=Berlin, address_1=Demo street, address_2=Long street 33, address_id=949, postcode=1111, lastname=User, zone_code=BER, iso_code_2=DE, zone_id=1256, iso_code_3=DEU, zone=Berlin, company=XYZ LTD., customer_id=2191, country_id=81}], custom_fields=[], telephone=1-541-754-3010, reward_points=0, lastname=User, date_added=06/10/2020, approved=, transaction_total=?0.00, safe=1, account_custom_field={1=1985-02-01, 2=2}, customer_id=2191, affiliate=[], customer_group_id=1, email=demouser81@gmail.com, status=1}, success=1, error=[]}
2020-10-06 14:38:45,480 INFO  [log] 2191
2020-10-06 14:38:45,481 INFO  [log] [HTTP/1.1 200 OK]
2020-10-06 14:38:46,748 INFO  [log] [HTTP/1.1 200 OK]
2020-10-06 14:38:47,306 INFO  [log] {data={store_id=0, newsletter=1, firstname=Demo, addresses=[{address_format={company}
{firstname} {lastname}
{address_1}
{address_2}
{postcode} {city}
{country}, country=Germany, custom_field={3=https://rest-api.upskills.in}, firstname=Demo, city=Berlin, address_1=Demo street, address_2=Long street 33, address_id=949, postcode=1111, lastname=User, zone_code=BER, iso_code_2=DE, zone_id=1256, iso_code_3=DEU, zone=Berlin, company=XYZ LTD., customer_id=2191, country_id=81}], custom_fields=[], telephone=1-541-754-3010, reward_points=100, lastname=User, date_added=06/10/2020, approved=, transaction_total=?0.00, safe=1, account_custom_field={1=1985-02-01, 2=2}, customer_id=2191, affiliate=[], customer_group_id=1, email=demouser81@gmail.com, status=1}, success=1, error=[]}
2020-10-06 14:38:47,322 INFO  [log] 2191
2020-10-06 14:38:47,324 INFO  [log] 100
2020-10-06 14:38:47,358 INFO  [log] {data={id=2191}, success=1, error=[]}
2020-10-06 14:38:47,366 INFO  [log] [HTTP/1.1 200 OK]
2020-10-06 14:38:48,074 INFO  [log] [HTTP/1.1 200 OK]
